<?xml version="1.0" encoding="UTF-8"?>
<!-- Generated by org.testng.reporters.JUnitXMLReporter -->
<testsuite ignored="0" hostname="Sidharth039s-MacBook-Air.local" failures="0" tests="2" name="Standalone" time="117.657" errors="0" timestamp="2025-06-03T11:54:37 IST">
  <testcase classname="com.SeleniumDesign.com.SeleniumDesign.Standalone" name="urlOpen" time="42.41"/>
  <testcase classname="com.SeleniumDesign.com.SeleniumDesign.Standalone" name="urlOpen" time="35.048"/>
</testsuite> <!-- Standalone -->
