<?xml version="1.0" encoding="UTF-8"?>
<!-- Generated by org.testng.reporters.JUnitXMLReporter -->
<testsuite ignored="1" hostname="Sidharth039s-MacBook-Air.local" failures="0" tests="2" name="Test" time="51.32" errors="0" timestamp="2025-05-19T17:02:48 IST">
  <testcase classname="com.SeleniumDesign.com.SeleniumDesign.ErrorValidation" name="checkErrorMessage" time="5.495"/>
  <testcase classname="com.SeleniumDesign.com.SeleniumDesign.Standalone" name="urlOpen" time="31.71"/>
  <testcase classname="seleniumDesign.Setup.BaseTest" name="@AfterTest closeDriver" time="0.0">
    <ignored/>
  </testcase> <!-- @AfterTest closeDriver -->
</testsuite> <!-- Test -->
